<?xml version="1.0" encoding="UTF-8"?>
<testng-results ignored="0" total="2" passed="2" failed="0" skipped="0">
  <reporter-output>
  </reporter-output>
  <suite started-at="2022-11-12T23:25:48 IST" name="Suite" finished-at="2022-11-12T23:26:39 IST" duration-ms="50602">
    <groups>
    </groups>
    <test started-at="2022-11-12T23:25:48 IST" name="Test" finished-at="2022-11-12T23:26:11 IST" duration-ms="23009">
      <class name="test.KhanAcademyLoginTest">
        <test-method is-config="true" signature="configureReports()[pri:0, instance:test.KhanAcademyLoginTest@1d2adfbe]" started-at="2022-11-12T23:25:48 IST" name="configureReports" finished-at="2022-11-12T23:25:49 IST" duration-ms="722" status="PASS">
          <reporter-output>
          </reporter-output>
        </test-method> <!-- configureReports -->
        <test-method is-config="true" signature="launchBrowser(java.lang.String)[pri:0, instance:test.KhanAcademyLoginTest@1d2adfbe]" started-at="2022-11-12T23:25:49 IST" name="launchBrowser" finished-at="2022-11-12T23:26:02 IST" duration-ms="13341" status="PASS">
          <params>
            <param index="0">
              <value>
                <![CDATA[Chrome]]>
              </value>
            </param>
          </params>
          <reporter-output>
          </reporter-output>
        </test-method> <!-- launchBrowser -->
        <test-method signature="khanAcademyTest()[pri:0, instance:test.KhanAcademyLoginTest@1d2adfbe]" started-at="2022-11-12T23:26:02 IST" name="khanAcademyTest" finished-at="2022-11-12T23:26:10 IST" duration-ms="8010" status="PASS">
          <reporter-output>
          </reporter-output>
        </test-method> <!-- khanAcademyTest -->
        <test-method is-config="true" signature="captureResult(org.testng.ITestResult)[pri:0, instance:test.KhanAcademyLoginTest@1d2adfbe]" started-at="2022-11-12T23:26:10 IST" name="captureResult" finished-at="2022-11-12T23:26:10 IST" duration-ms="14" status="PASS">
          <params>
            <param index="0">
              <value>
                <![CDATA[[TestResult name=khanAcademyTest status=SUCCESS method=KhanAcademyLoginTest.khanAcademyTest()[pri:0, instance:test.KhanAcademyLoginTest@1d2adfbe] output={null}]]]>
              </value>
            </param>
          </params>
          <reporter-output>
          </reporter-output>
        </test-method> <!-- captureResult -->
        <test-method is-config="true" signature="publishReport()[pri:0, instance:test.KhanAcademyLoginTest@1d2adfbe]" started-at="2022-11-12T23:26:10 IST" name="publishReport" finished-at="2022-11-12T23:26:11 IST" duration-ms="836" status="PASS">
          <reporter-output>
          </reporter-output>
        </test-method> <!-- publishReport -->
      </class> <!-- test.KhanAcademyLoginTest -->
    </test> <!-- Test -->
    <test started-at="2022-11-12T23:26:11 IST" name="Regression" finished-at="2022-11-12T23:26:39 IST" duration-ms="27560">
      <class name="test.KhanAcademyLoginTest">
        <test-method is-config="true" signature="configureReports()[pri:0, instance:test.KhanAcademyLoginTest@55182842]" started-at="2022-11-12T23:26:11 IST" name="configureReports" finished-at="2022-11-12T23:26:11 IST" duration-ms="8" status="PASS">
          <reporter-output>
          </reporter-output>
        </test-method> <!-- configureReports -->
        <test-method is-config="true" signature="launchBrowser(java.lang.String)[pri:0, instance:test.KhanAcademyLoginTest@55182842]" started-at="2022-11-12T23:26:11 IST" name="launchBrowser" finished-at="2022-11-12T23:26:29 IST" duration-ms="17416" status="PASS">
          <params>
            <param index="0">
              <value>
                <![CDATA[Edge]]>
              </value>
            </param>
          </params>
          <reporter-output>
          </reporter-output>
        </test-method> <!-- launchBrowser -->
        <test-method signature="khanAcademyTest()[pri:0, instance:test.KhanAcademyLoginTest@55182842]" started-at="2022-11-12T23:26:29 IST" name="khanAcademyTest" finished-at="2022-11-12T23:26:38 IST" duration-ms="9628" status="PASS">
          <reporter-output>
          </reporter-output>
        </test-method> <!-- khanAcademyTest -->
        <test-method is-config="true" signature="captureResult(org.testng.ITestResult)[pri:0, instance:test.KhanAcademyLoginTest@55182842]" started-at="2022-11-12T23:26:38 IST" name="captureResult" finished-at="2022-11-12T23:26:38 IST" duration-ms="1" status="PASS">
          <params>
            <param index="0">
              <value>
                <![CDATA[[TestResult name=khanAcademyTest status=SUCCESS method=KhanAcademyLoginTest.khanAcademyTest()[pri:0, instance:test.KhanAcademyLoginTest@55182842] output={null}]]]>
              </value>
            </param>
          </params>
          <reporter-output>
          </reporter-output>
        </test-method> <!-- captureResult -->
        <test-method is-config="true" signature="publishReport()[pri:0, instance:test.KhanAcademyLoginTest@55182842]" started-at="2022-11-12T23:26:38 IST" name="publishReport" finished-at="2022-11-12T23:26:39 IST" duration-ms="500" status="PASS">
          <reporter-output>
          </reporter-output>
        </test-method> <!-- publishReport -->
      </class> <!-- test.KhanAcademyLoginTest -->
    </test> <!-- Regression -->
  </suite> <!-- Suite -->
</testng-results>
